<?xml version="1.0" encoding="utf-8"?><testsuites name="pytest tests"><testsuite name="pytest" errors="0" failures="0" skipped="0" tests="4" time="0.758" timestamp="2026-04-01T09:39:32.285218+00:00" hostname="agent-env-3e30c703-fc2f-40cb-bc0e-c73b88136380"><testcase classname="backend.tests.test_noshift_backend.TestHealth" name="test_health_returns_200" time="0.262" /><testcase classname="backend.tests.test_noshift_backend.TestHealth" name="test_health_response_body" time="0.112" /><testcase classname="backend.tests.test_noshift_backend.TestHealth" name="test_health_content_type_json" time="0.127" /><testcase classname="backend.tests.test_noshift_backend.TestCORSHeaders" name="test_cors_allows_all_origins" time="0.066" /></testsuite></testsuites>